# JRE version: OpenJDK Runtime Environment (17.0.1+12) (build 17.0.1+12-39)
# Java VM: OpenJDK 64-Bit Server VM (17.0.1+12-39, mixed mode, emulated-client, sharing, tiered, compressed oops, compressed class ptrs, g1 gc, linux-amd64)
GC Precious Log:
 CPUs: 4 total, 4 available
 Memory: 9821M
 Large Page Support: Disabled
 NUMA Support: Disabled
 Compressed Oops: Enabled (Zero based)
 Heap Region Size: 2M
 Heap Min Capacity: 8M
 Heap Initial Capacity: 154M
 Heap Max Capacity: 2456M
 Pre-touch: Disabled
 Parallel Workers: 4
 Concurrent Workers: 1
 Concurrent Refinement Workers: 4
 Periodic GC: Disabled
Heap:
 garbage-first heap   total 110592K, used 28020K [0x0000000766800000, 0x0000000800000000)
  region size 2048K, 3 young (6144K), 2 survivors (4096K)
 Metaspace       used 47173K, committed 47616K, reserved 1097728K
  class space    used 6441K, committed 6656K, reserved 1048576K
GC Heap History (20 events):
Event: 1.043 GC heap before
{Heap before GC invocations=2 (full 0):
 garbage-first heap   total 161792K, used 25762K [0x0000000766800000, 0x0000000800000000)
  region size 2048K, 10 young (20480K), 1 survivors (2048K)
 Metaspace       used 6064K, committed 6272K, reserved 1056768K
  class space    used 726K, committed 832K, reserved 1048576K
}
Event: 1.046 GC heap after
{Heap after GC invocations=3 (full 0):
 garbage-first heap   total 161792K, used 9494K [0x0000000766800000, 0x0000000800000000)
  region size 2048K, 1 young (2048K), 1 survivors (2048K)
 Metaspace       used 6064K, committed 6272K, reserved 1056768K
  class space    used 726K, committed 832K, reserved 1048576K
}
Event: 1.708 GC heap before
{Heap before GC invocations=3 (full 0):
 garbage-first heap   total 161792K, used 99606K [0x0000000766800000, 0x0000000800000000)
  region size 2048K, 46 young (94208K), 1 survivors (2048K)
 Metaspace       used 11428K, committed 11712K, reserved 1064960K
  class space    used 1532K, committed 1664K, reserved 1048576K
}
Event: 1.713 GC heap after
{Heap after GC invocations=4 (full 0):
 garbage-first heap   total 161792K, used 11523K [0x0000000766800000, 0x0000000800000000)
  region size 2048K, 2 young (4096K), 2 survivors (4096K)
 Metaspace       used 11428K, committed 11712K, reserved 1064960K
  class space    used 1532K, committed 1664K, reserved 1048576K
}
Event: 3.024 GC heap before
{Heap before GC invocations=4 (full 0):
 garbage-first heap   total 161792K, used 85251K [0x0000000766800000, 0x0000000800000000)
  region size 2048K, 40 young (81920K), 2 survivors (4096K)
 Metaspace       used 21239K, committed 21504K, reserved 1073152K
  class space    used 2884K, committed 3008K, reserved 1048576K
}
Event: 3.032 GC heap after
{Heap after GC invocations=5 (full 0):
 garbage-first heap   total 161792K, used 15917K [0x0000000766800000, 0x0000000800000000)
  region size 2048K, 4 young (8192K), 4 survivors (8192K)
 Metaspace       used 21239K, committed 21504K, reserved 1073152K
  class space    used 2884K, committed 3008K, reserved 1048576K
}
Event: 3.278 GC heap before
{Heap before GC invocations=6 (full 0):
 garbage-first heap   total 75776K, used 56877K [0x0000000766800000, 0x0000000800000000)
  region size 2048K, 26 young (53248K), 4 survivors (8192K)
 Metaspace       used 23950K, committed 24320K, reserved 1073152K
  class space    used 3288K, committed 3456K, reserved 1048576K
}
Event: 3.288 GC heap after
{Heap after GC invocations=7 (full 0):
 garbage-first heap   total 77824K, used 17747K [0x0000000766800000, 0x0000000800000000)
  region size 2048K, 4 young (8192K), 4 survivors (8192K)
 Metaspace       used 23950K, committed 24320K, reserved 1073152K
  class space    used 3288K, committed 3456K, reserved 1048576K
}
Event: 3.288 GC heap before
{Heap before GC invocations=7 (full 0):
 garbage-first heap   total 77824K, used 17747K [0x0000000766800000, 0x0000000800000000)
  region size 2048K, 5 young (10240K), 4 survivors (8192K)
 Metaspace       used 23950K, committed 24320K, reserved 1073152K
  class space    used 3288K, committed 3456K, reserved 1048576K
}
Event: 3.294 GC heap after
{Heap after GC invocations=8 (full 0):
 garbage-first heap   total 77824K, used 17536K [0x0000000766800000, 0x0000000800000000)
  region size 2048K, 1 young (2048K), 1 survivors (2048K)
 Metaspace       used 23950K, committed 24320K, reserved 1073152K
  class space    used 3288K, committed 3456K, reserved 1048576K
}
Event: 3.339 GC heap before
{Heap before GC invocations=8 (full 0):
 garbage-first heap   total 77824K, used 52352K [0x0000000766800000, 0x0000000800000000)
  region size 2048K, 19 young (38912K), 1 survivors (2048K)
 Metaspace       used 24371K, committed 24704K, reserved 1073152K
  class space    used 3323K, committed 3520K, reserved 1048576K
}
Event: 3.342 GC heap after
{Heap after GC invocations=9 (full 0):
 garbage-first heap   total 233472K, used 18030K [0x0000000766800000, 0x0000000800000000)
  region size 2048K, 1 young (2048K), 1 survivors (2048K)
 Metaspace       used 24371K, committed 24704K, reserved 1073152K
  class space    used 3323K, committed 3520K, reserved 1048576K
}
Event: 4.008 GC heap before
{Heap before GC invocations=9 (full 0):
 garbage-first heap   total 233472K, used 87662K [0x0000000766800000, 0x0000000800000000)
  region size 2048K, 37 young (75776K), 1 survivors (2048K)
 Metaspace       used 35721K, committed 36096K, reserved 1081344K
  class space    used 4865K, committed 5056K, reserved 1048576K
}
Event: 4.016 GC heap after
{Heap after GC invocations=10 (full 0):
 garbage-first heap   total 233472K, used 21520K [0x0000000766800000, 0x0000000800000000)
  region size 2048K, 2 young (4096K), 2 survivors (4096K)
 Metaspace       used 35721K, committed 36096K, reserved 1081344K
  class space    used 4865K, committed 5056K, reserved 1048576K
}
Event: 4.711 GC heap before
{Heap before GC invocations=11 (full 0):
 garbage-first heap   total 90112K, used 70672K [0x0000000766800000, 0x0000000800000000)
  region size 2048K, 26 young (53248K), 2 survivors (4096K)
 Metaspace       used 42252K, committed 42624K, reserved 1089536K
  class space    used 5821K, committed 6016K, reserved 1048576K
}
Event: 4.719 GC heap after
{Heap after GC invocations=12 (full 0):
 garbage-first heap   total 90112K, used 26021K [0x0000000766800000, 0x0000000800000000)
  region size 2048K, 4 young (8192K), 4 survivors (8192K)
 Metaspace       used 42252K, committed 42624K, reserved 1089536K
  class space    used 5821K, committed 6016K, reserved 1048576K
}
Event: 5.131 GC heap before
{Heap before GC invocations=12 (full 0):
 garbage-first heap   total 90112K, used 26021K [0x0000000766800000, 0x0000000800000000)
  region size 2048K, 5 young (10240K), 4 survivors (8192K)
 Metaspace       used 42665K, committed 43136K, reserved 1089536K
  class space    used 5878K, committed 6144K, reserved 1048576K
}
Event: 5.140 GC heap after
{Heap after GC invocations=13 (full 0):
 garbage-first heap   total 90112K, used 26662K [0x0000000766800000, 0x0000000800000000)
  region size 2048K, 1 young (2048K), 1 survivors (2048K)
 Metaspace       used 42665K, committed 43136K, reserved 1089536K
  class space    used 5878K, committed 6144K, reserved 1048576K
}
Event: 1378.406 GC heap before
{Heap before GC invocations=13 (full 0):
 garbage-first heap   total 90112K, used 65574K [0x0000000766800000, 0x0000000800000000)
  region size 2048K, 20 young (40960K), 1 survivors (2048K)
 Metaspace       used 47173K, committed 47616K, reserved 1097728K
  class space    used 6441K, committed 6656K, reserved 1048576K
}
Event: 1378.512 GC heap after
{Heap after GC invocations=14 (full 0):
 garbage-first heap   total 110592K, used 28020K [0x0000000766800000, 0x0000000800000000)
  region size 2048K, 2 young (4096K), 2 survivors (4096K)
 Metaspace       used 47173K, committed 47616K, reserved 1097728K
  class space    used 6441K, committed 6656K, reserved 1048576K
}

